<?xml version="1.0" encoding="UTF-8"?>
<!-- Generated by org.testng.reporters.JUnitReportReporter -->
<testsuite hostname="DESKTOP-VOAKCG4" name="qaclickacademy.Mavenjava.AppiumTest" tests="2" failures="0" timestamp="4 Jun 2021 13:11:14 GMT" time="0.007" errors="0">
  <testcase name="HybridApp" time="0.002" classname="qaclickacademy.Mavenjava.AppiumTest"/>
  <testcase name="NativeApp" time="0.005" classname="qaclickacademy.Mavenjava.AppiumTest"/>
</testsuite> <!-- qaclickacademy.Mavenjava.AppiumTest -->
