<?xml version="1.0" encoding="UTF-8"?>
<!-- Generated by org.testng.reporters.JUnitReportReporter -->
<testsuite hostname="DESKTOP-VOAKCG4" name="qaclickacademy.Mavenjava.SeleniumTest" tests="2" failures="0" timestamp="4 Jun 2021 13:11:14 GMT" time="0.006" errors="0">
  <testcase name="MobileBrowserAutomation" time="0.003" classname="qaclickacademy.Mavenjava.SeleniumTest"/>
  <testcase name="WebBrowserAutomation" time="0.003" classname="qaclickacademy.Mavenjava.SeleniumTest"/>
</testsuite> <!-- qaclickacademy.Mavenjava.SeleniumTest -->
