<?xml version="1.0" encoding="UTF-8"?>
<!-- Generated by org.testng.reporters.JUnitReportReporter -->
<testsuite hostname="DESKTOP-VOAKCG4" name="qaclickacademy.Mavenjava.APITest" tests="2" failures="0" timestamp="4 Jun 2021 13:11:14 GMT" time="0.026" errors="0">
  <testcase name="deleteTwitter" time="0.021" classname="qaclickacademy.Mavenjava.APITest"/>
  <testcase name="postJira" time="0.005" classname="qaclickacademy.Mavenjava.APITest"/>
</testsuite> <!-- qaclickacademy.Mavenjava.APITest -->
